Arguments: 
  C:\develop\nodejs\node.exe C:\Users\GlcAs\AppData\Roaming\npm\node_modules\yarn\bin\yarn.js init

PATH: 
  C:\Users\GlcAs\bin;D:\Program Files\Git\mingw64\bin;D:\Program Files\Git\usr\local\bin;D:\Program Files\Git\usr\bin;D:\Program Files\Git\usr\bin;D:\Program Files\Git\mingw64\bin;D:\Program Files\Git\usr\bin;C:\Users\GlcAs\bin;C:\Program Files (x86)\NVIDIA Corporation\PhysX\Common;C:\develop\Python39\Scripts;C:\develop\Python39;C:\WINDOWS\system32;C:\WINDOWS;C:\WINDOWS\System32\Wbem;C:\WINDOWS\System32\WindowsPowerShell\v1.0;C:\WINDOWS\System32\OpenSSH;C:\develop\nodejs;C:\Program Files\dotnet;D:\Program Files\Git\cmd;D:\software\mysql-8.0.28-winx64\bin;D:\Program Files (x86)\Tencent\微信web开发者工具\dll;C:\Users\GlcAs\AppData\Local\Yarn\bin;C:\Users\GlcAs\AppData\Local\Microsoft\WindowsApps;C:\Users\GlcAs\AppData\Roaming\npm;D:\Program Files (x86)\Microsoft VS Code\bin;D:\Program Files\Git\usr\bin\vendor_perl;D:\Program Files\Git\usr\bin\core_perl

Yarn version: 
  1.22.10

Node version: 
  14.17.1

Platform: 
  win32 x64

Trace: 
  Error: Can't answer a question unless a user TTY
      at ConsoleReporter.question (C:\Users\GlcAs\AppData\Roaming\npm\node_modules\yarn\lib\cli.js:96361:59)
      at Object.<anonymous> (C:\Users\GlcAs\AppData\Roaming\npm\node_modules\yarn\lib\cli.js:88636:38)
      at Generator.next (<anonymous>)
      at step (C:\Users\GlcAs\AppData\Roaming\npm\node_modules\yarn\lib\cli.js:310:30)
      at C:\Users\GlcAs\AppData\Roaming\npm\node_modules\yarn\lib\cli.js:321:13
      at processTicksAndRejections (internal/process/task_queues.js:95:5)

npm manifest: 
  No manifest

yarn manifest: 
  No manifest

Lockfile: 
  No lockfile
